<?xml version="1.0" encoding="UTF-8"?>
<testsuite xmlns:xsi="http://www.w3.org/2001/XMLSchema-instance" xsi:noNamespaceSchemaLocation="https://maven.apache.org/surefire/maven-surefire-plugin/xsd/surefire-test-report-3.0.xsd" version="3.0" name="com.example.studentmanagement.service.impl.StudentServiceImplTest" time="0.093" tests="8" errors="0" skipped="0" failures="0">
  <properties>
[...]
</properties>
  <testcase name="createStudent_ShouldCreateNewStudent" classname="com.example.studentmanagement.service.impl.StudentServiceImplTest" time="0.066"/>
  <testcase name="getAllStudents_ShouldReturnListOfStudents" classname="com.example.studentmanagement.service.impl.StudentServiceImplTest" time="0.003"/>
  <testcase name="updateStudent_ShouldThrowExceptionWhenStudentNotFound" classname="com.example.studentmanagement.service.impl.StudentServiceImplTest" time="0.004"/>
  <testcase name="getStudentById_ShouldThrowExceptionWhenStudentNotFound" classname="com.example.studentmanagement.service.impl.StudentServiceImplTest" time="0.003"/>
  <testcase name="updateStudent_ShouldUpdateExistingStudent" classname="com.example.studentmanagement.service.impl.StudentServiceImplTest" time="0.002"/>
  <testcase name="deleteStudent_ShouldDeleteStudent" classname="com.example.studentmanagement.service.impl.StudentServiceImplTest" time="0.002"/>
  <testcase name="deleteStudent_ShouldThrowExceptionWhenStudentNotFound" classname="com.example.studentmanagement.service.impl.StudentServiceImplTest" time="0.002"/>
  <testcase name="getStudentById_ShouldReturnStudent" classname="com.example.studentmanagement.service.impl.StudentServiceImplTest" time="0.002"/>
</testsuite>